<?xml version="1.0" encoding="UTF-8"?>
<coverage generated="1545692158399" clover="3.2.0">
  <project timestamp="1545692158399" name="All files">
    <metrics statements="40" coveredstatements="4" conditionals="14" coveredconditionals="0" methods="12" coveredmethods="1" elements="66" coveredelements="5" complexity="0" loc="40" ncloc="40" packages="2" files="2" classes="2">
      <package name="components">
        <metrics statements="1" coveredstatements="1" conditionals="0" coveredconditionals="0" methods="0" coveredmethods="0"/>
        <file name="About.vue" path="C:\Users\suporte\Documents\GitHub\vuejs-colorlib-jackson-template\src\components\About.vue">
          <metrics statements="1" coveredstatements="1" conditionals="0" coveredconditionals="0" methods="0" coveredmethods="0"/>
          <line num="7" count="2" type="stmt"/>
        </file>
      </package>
      <package name="components.utils">
        <metrics statements="39" coveredstatements="3" conditionals="14" coveredconditionals="0" methods="12" coveredmethods="1"/>
        <file name="index.js" path="C:\Users\suporte\Documents\GitHub\vuejs-colorlib-jackson-template\src\components\utils\index.js">
          <metrics statements="39" coveredstatements="3" conditionals="14" coveredconditionals="0" methods="12" coveredmethods="1"/>
          <line num="3" count="0" type="stmt"/>
          <line num="4" count="0" type="stmt"/>
          <line num="5" count="0" type="stmt"/>
          <line num="8" count="0" type="stmt"/>
          <line num="9" count="0" type="stmt"/>
          <line num="10" count="0" type="stmt"/>
          <line num="12" count="0" type="cond" truecount="0" falsecount="2"/>
          <line num="13" count="0" type="stmt"/>
          <line num="18" count="0" type="cond" truecount="0" falsecount="2"/>
          <line num="19" count="0" type="stmt"/>
          <line num="20" count="0" type="stmt"/>
          <line num="21" count="0" type="stmt"/>
          <line num="24" count="0" type="stmt"/>
          <line num="25" count="0" type="stmt"/>
          <line num="28" count="0" type="stmt"/>
          <line num="33" count="0" type="stmt"/>
          <line num="34" count="0" type="stmt"/>
          <line num="35" count="0" type="stmt"/>
          <line num="39" count="0" type="stmt"/>
          <line num="40" count="1" type="stmt"/>
          <line num="41" count="0" type="stmt"/>
          <line num="48" count="1" type="stmt"/>
          <line num="49" count="1" type="stmt"/>
          <line num="51" count="0" type="cond" truecount="0" falsecount="4"/>
          <line num="53" count="0" type="stmt"/>
          <line num="55" count="0" type="stmt"/>
          <line num="56" count="0" type="stmt"/>
          <line num="58" count="0" type="stmt"/>
          <line num="59" count="0" type="stmt"/>
          <line num="60" count="0" type="stmt"/>
          <line num="61" count="0" type="stmt"/>
          <line num="62" count="0" type="cond" truecount="0" falsecount="2"/>
          <line num="63" count="0" type="stmt"/>
          <line num="64" count="0" type="cond" truecount="0" falsecount="2"/>
          <line num="65" count="0" type="stmt"/>
          <line num="66" count="0" type="cond" truecount="0" falsecount="2"/>
          <line num="67" count="0" type="stmt"/>
          <line num="69" count="0" type="stmt"/>
          <line num="72" count="0" type="stmt"/>
        </file>
      </package>
    </metrics>
  </project>
</coverage>
