{"C:\\Users\\suporte\\Documents\\GitHub\\vuejs-colorlib-jackson-template\\src\\components\\About.vue": {"path":"C:\\Users\\suporte\\Documents\\GitHub\\vuejs-colorlib-jackson-template\\src\\components\\About.vue","statementMap":{"0":{"start":{"line":7,"column":4},"end":{"line":7,"column":21}}},"fnMap":{},"branchMap":{},"s":{"0":2},"f":{},"b":{},"_coverageSchema":"332fd63041d2c1bcb487cc26dd0d5f7d97098a6c","hash":"849202d1da293ca7b11325415f5d4f2889b9075a"}
,"C:\\Users\\suporte\\Documents\\GitHub\\vuejs-colorlib-jackson-template\\src\\components\\utils\\index.js": {"path":"C:\\Users\\suporte\\Documents\\GitHub\\vuejs-colorlib-jackson-template\\src\\components\\utils\\index.js","statementMap":{"0":{"start":{"line":3,"column":2},"end":{"line":3,"column":56}},"1":{"start":{"line":4,"column":2},"end":{"line":6,"column":5}},"2":{"start":{"line":5,"column":4},"end":{"line":5,"column":58}},"3":{"start":{"line":8,"column":2},"end":{"line":26,"column":5}},"4":{"start":{"line":9,"column":18},"end":{"line":9,"column":45}},"5":{"start":{"line":10,"column":13},"end":{"line":10,"column":25}},"6":{"start":{"line":12,"column":4},"end":{"line":16,"column":5}},"7":{"start":{"line":13,"column":6},"end":{"line":15,"column":14}},"8":{"start":{"line":18,"column":4},"end":{"line":22,"column":5}},"9":{"start":{"line":19,"column":6},"end":{"line":19,"column":31}},"10":{"start":{"line":20,"column":6},"end":{"line":20,"column":44}},"11":{"start":{"line":21,"column":6},"end":{"line":21,"column":57}},"12":{"start":{"line":24,"column":4},"end":{"line":24,"column":27}},"13":{"start":{"line":25,"column":4},"end":{"line":25,"column":17}},"14":{"start":{"line":28,"column":2},"end":{"line":44,"column":5}},"15":{"start":{"line":33,"column":6},"end":{"line":36,"column":14}},"16":{"start":{"line":34,"column":8},"end":{"line":34,"column":59}},"17":{"start":{"line":35,"column":8},"end":{"line":35,"column":83}},"18":{"start":{"line":39,"column":6},"end":{"line":42,"column":14}},"19":{"start":{"line":40,"column":8},"end":{"line":40,"column":59}},"20":{"start":{"line":41,"column":8},"end":{"line":41,"column":83}},"21":{"start":{"line":48,"column":10},"end":{"line":48,"column":11}},"22":{"start":{"line":49,"column":2},"end":{"line":80,"column":26}},"23":{"start":{"line":51,"column":4},"end":{"line":78,"column":5}},"24":{"start":{"line":53,"column":6},"end":{"line":53,"column":10}},"25":{"start":{"line":55,"column":6},"end":{"line":55,"column":47}},"26":{"start":{"line":56,"column":6},"end":{"line":76,"column":14}},"27":{"start":{"line":58,"column":8},"end":{"line":74,"column":11}},"28":{"start":{"line":59,"column":19},"end":{"line":59,"column":26}},"29":{"start":{"line":60,"column":10},"end":{"line":73,"column":41}},"30":{"start":{"line":61,"column":25},"end":{"line":61,"column":50}},"31":{"start":{"line":62,"column":12},"end":{"line":70,"column":13}},"32":{"start":{"line":63,"column":14},"end":{"line":63,"column":45}},"33":{"start":{"line":64,"column":19},"end":{"line":70,"column":13}},"34":{"start":{"line":65,"column":14},"end":{"line":65,"column":49}},"35":{"start":{"line":66,"column":19},"end":{"line":70,"column":13}},"36":{"start":{"line":67,"column":14},"end":{"line":67,"column":50}},"37":{"start":{"line":69,"column":14},"end":{"line":69,"column":47}},"38":{"start":{"line":72,"column":12},"end":{"line":72,"column":43}}},"fnMap":{"0":{"name":"sliderMain","decl":{"start":{"line":1,"column":16},"end":{"line":1,"column":26}},"loc":{"start":{"line":1,"column":28},"end":{"line":45,"column":1}},"line":1},"1":{"name":"(anonymous_1)","decl":{"start":{"line":4,"column":19},"end":{"line":4,"column":20}},"loc":{"start":{"line":4,"column":29},"end":{"line":6,"column":3}},"line":4},"2":{"name":"(anonymous_2)","decl":{"start":{"line":8,"column":47},"end":{"line":8,"column":48}},"loc":{"start":{"line":8,"column":62},"end":{"line":26,"column":3}},"line":8},"3":{"name":"(anonymous_3)","decl":{"start":{"line":32,"column":11},"end":{"line":32,"column":12}},"loc":{"start":{"line":32,"column":21},"end":{"line":37,"column":5}},"line":32},"4":{"name":"(anonymous_4)","decl":{"start":{"line":33,"column":17},"end":{"line":33,"column":18}},"loc":{"start":{"line":33,"column":27},"end":{"line":36,"column":7}},"line":33},"5":{"name":"(anonymous_5)","decl":{"start":{"line":38,"column":12},"end":{"line":38,"column":13}},"loc":{"start":{"line":38,"column":22},"end":{"line":43,"column":5}},"line":38},"6":{"name":"(anonymous_6)","decl":{"start":{"line":39,"column":17},"end":{"line":39,"column":18}},"loc":{"start":{"line":39,"column":27},"end":{"line":42,"column":7}},"line":39},"7":{"name":"contentWayPoint","decl":{"start":{"line":47,"column":16},"end":{"line":47,"column":31}},"loc":{"start":{"line":47,"column":34},"end":{"line":81,"column":1}},"line":47},"8":{"name":"(anonymous_8)","decl":{"start":{"line":49,"column":30},"end":{"line":49,"column":31}},"loc":{"start":{"line":49,"column":52},"end":{"line":80,"column":3}},"line":49},"9":{"name":"(anonymous_9)","decl":{"start":{"line":56,"column":17},"end":{"line":56,"column":18}},"loc":{"start":{"line":56,"column":27},"end":{"line":76,"column":7}},"line":56},"10":{"name":"(anonymous_10)","decl":{"start":{"line":58,"column":49},"end":{"line":58,"column":50}},"loc":{"start":{"line":58,"column":60},"end":{"line":74,"column":9}},"line":58},"11":{"name":"(anonymous_11)","decl":{"start":{"line":60,"column":22},"end":{"line":60,"column":23}},"loc":{"start":{"line":60,"column":34},"end":{"line":73,"column":11}},"line":60}},"branchMap":{"0":{"loc":{"start":{"line":12,"column":4},"end":{"line":16,"column":5}},"type":"if","locations":[{"start":{"line":12,"column":4},"end":{"line":16,"column":5}},{"start":{"line":12,"column":4},"end":{"line":16,"column":5}}],"line":12},"1":{"loc":{"start":{"line":18,"column":4},"end":{"line":22,"column":5}},"type":"if","locations":[{"start":{"line":18,"column":4},"end":{"line":22,"column":5}},{"start":{"line":18,"column":4},"end":{"line":22,"column":5}}],"line":18},"2":{"loc":{"start":{"line":51,"column":4},"end":{"line":78,"column":5}},"type":"if","locations":[{"start":{"line":51,"column":4},"end":{"line":78,"column":5}},{"start":{"line":51,"column":4},"end":{"line":78,"column":5}}],"line":51},"3":{"loc":{"start":{"line":51,"column":8},"end":{"line":51,"column":69}},"type":"binary-expr","locations":[{"start":{"line":51,"column":8},"end":{"line":51,"column":28}},{"start":{"line":51,"column":32},"end":{"line":51,"column":69}}],"line":51},"4":{"loc":{"start":{"line":62,"column":12},"end":{"line":70,"column":13}},"type":"if","locations":[{"start":{"line":62,"column":12},"end":{"line":70,"column":13}},{"start":{"line":62,"column":12},"end":{"line":70,"column":13}}],"line":62},"5":{"loc":{"start":{"line":64,"column":19},"end":{"line":70,"column":13}},"type":"if","locations":[{"start":{"line":64,"column":19},"end":{"line":70,"column":13}},{"start":{"line":64,"column":19},"end":{"line":70,"column":13}}],"line":64},"6":{"loc":{"start":{"line":66,"column":19},"end":{"line":70,"column":13}},"type":"if","locations":[{"start":{"line":66,"column":19},"end":{"line":70,"column":13}},{"start":{"line":66,"column":19},"end":{"line":70,"column":13}}],"line":66}},"s":{"0":0,"1":0,"2":0,"3":0,"4":0,"5":0,"6":0,"7":0,"8":0,"9":0,"10":0,"11":0,"12":0,"13":0,"14":0,"15":0,"16":0,"17":0,"18":0,"19":1,"20":0,"21":1,"22":1,"23":0,"24":0,"25":0,"26":0,"27":0,"28":0,"29":0,"30":0,"31":0,"32":0,"33":0,"34":0,"35":0,"36":0,"37":0,"38":0},"f":{"0":0,"1":0,"2":0,"3":0,"4":0,"5":0,"6":0,"7":2,"8":0,"9":0,"10":0,"11":0},"b":{"0":[0,0],"1":[0,0],"2":[0,0],"3":[0,0],"4":[0,0],"5":[0,0],"6":[0,0]},"_coverageSchema":"332fd63041d2c1bcb487cc26dd0d5f7d97098a6c","hash":"7f6d67eeac46589efc562c7a00ace3d0d1375b96"}
}
