TN:
SF:C:\Users\suporte\Documents\GitHub\vuejs-colorlib-jackson-template\src\components\About.vue
FNF:0
FNH:0
DA:8,2
DA:11,0
LF:2
LH:1
BRF:0
BRH:0
end_of_record
TN:
SF:C:\Users\suporte\Documents\GitHub\vuejs-colorlib-jackson-template\src\components\Services.vue
FN:13,(anonymous_0)
FNF:1
FNH:1
FNDA:2,(anonymous_0)
DA:7,2
DA:10,0
LF:2
LH:1
BRF:0
BRH:0
end_of_record
TN:
SF:C:\Users\suporte\Documents\GitHub\vuejs-colorlib-jackson-template\src\components\utils\index.js
FN:1,sliderMain
FN:4,(anonymous_1)
FN:8,(anonymous_2)
FN:32,(anonymous_3)
FN:33,(anonymous_4)
FN:38,(anonymous_5)
FN:39,(anonymous_6)
FN:47,contentWayPoint
FN:49,(anonymous_8)
FN:56,(anonymous_9)
FN:58,(anonymous_10)
FN:60,(anonymous_11)
FNF:12
FNH:1
FNDA:0,sliderMain
FNDA:0,(anonymous_1)
FNDA:0,(anonymous_2)
FNDA:0,(anonymous_3)
FNDA:0,(anonymous_4)
FNDA:0,(anonymous_5)
FNDA:0,(anonymous_6)
FNDA:2,contentWayPoint
FNDA:0,(anonymous_8)
FNDA:0,(anonymous_9)
FNDA:0,(anonymous_10)
FNDA:0,(anonymous_11)
DA:3,0
DA:4,0
DA:5,0
DA:8,0
DA:9,0
DA:10,0
DA:12,0
DA:13,0
DA:18,0
DA:19,0
DA:20,0
DA:21,0
DA:24,0
DA:25,0
DA:28,0
DA:33,0
DA:34,0
DA:35,0
DA:39,0
DA:40,1
DA:41,0
DA:48,1
DA:49,1
DA:51,0
DA:53,0
DA:55,0
DA:56,0
DA:58,0
DA:59,0
DA:60,0
DA:61,0
DA:62,0
DA:63,0
DA:64,0
DA:65,0
DA:66,0
DA:67,0
DA:69,0
DA:72,0
LF:39
LH:3
BRDA:12,0,0,0
BRDA:12,0,1,0
BRDA:18,1,0,0
BRDA:18,1,1,0
BRDA:51,2,0,0
BRDA:51,2,1,0
BRDA:51,3,0,0
BRDA:51,3,1,0
BRDA:62,4,0,0
BRDA:62,4,1,0
BRDA:64,5,0,0
BRDA:64,5,1,0
BRDA:66,6,0,0
BRDA:66,6,1,0
BRF:14
BRH:0
end_of_record
TN:
SF:C:\Users\suporte\Documents\GitHub\vuejs-colorlib-jackson-template\src\store\index.js
FNF:0
FNH:0
DA:11,4
DA:12,4
LF:2
LH:2
BRF:0
BRH:0
end_of_record
TN:
SF:C:\Users\suporte\Documents\GitHub\vuejs-colorlib-jackson-template\src\store\modules\about.js
FNF:0
FNH:0
DA:3,4
DA:6,2
DA:13,2
DA:15,0
DA:19,2
DA:21,0
DA:28,0
LF:7
LH:4
BRF:0
BRH:0
end_of_record
TN:
SF:C:\Users\suporte\Documents\GitHub\vuejs-colorlib-jackson-template\src\store\modules\app.js
FNF:0
FNH:0
DA:3,4
DA:6,2
DA:10,2
DA:12,0
DA:16,2
DA:18,0
DA:24,0
LF:7
LH:4
BRF:0
BRH:0
end_of_record
TN:
SF:C:\Users\suporte\Documents\GitHub\vuejs-colorlib-jackson-template\src\store\modules\home.js
FNF:0
FNH:0
DA:3,4
DA:6,2
DA:10,2
DA:12,0
DA:16,2
DA:18,0
DA:26,0
LF:7
LH:4
BRF:0
BRH:0
end_of_record
TN:
SF:C:\Users\suporte\Documents\GitHub\vuejs-colorlib-jackson-template\src\store\modules\services.js
FNF:0
FNH:0
DA:3,4
DA:6,2
DA:18,2
DA:20,0
DA:24,2
DA:26,0
DA:35,0
LF:7
LH:4
BRF:0
BRH:0
end_of_record
TN:
SF:C:\Users\suporte\Documents\GitHub\vuejs-colorlib-jackson-template\src\store\modules\sidebar.js
FNF:0
FNH:0
DA:3,4
DA:6,2
DA:10,2
DA:12,0
DA:16,2
DA:18,0
DA:29,0
LF:7
LH:4
BRF:0
BRH:0
end_of_record
